--- EMERGENCY SYNC START ---
Connecting to: localhost DB: mindpulse
✅ Connected.
Active DB: mindpulse

Altering emergency_contacts...
✅ emergency_contacts updated successfully.

Altering users...
Query Note: Duplicate column name 'emergency_alert_enabled'

--- VERIFICATION ---
Table: emergency_contacts
[
  {
    "Field": "id",
    "Type": "int(11)",
    "Null": "NO",
    "Key": "PRI",
    "Default": null,
    "Extra": "auto_increment"
  },
  {
    "Field": "user_id",
    "Type": "int(11)",
    "Null": "NO",
    "Key": "MUL",
    "Default": null,
    "Extra": ""
  },
  {
    "Field": "name",
    "Type": "varchar(255)",
    "Null": "NO",
    "Key": "",
    "Default": null,
    "Extra": ""
  },
  {
    "Field": "email",
    "Type": "varchar(255)",
    "Null": "NO",
    "Key": "",
    "Default": null,
    "Extra": ""
  },
  {
    "Field": "email_verified",
    "Type": "tinyint(1)",
    "Null": "YES",
    "Key": "",
    "Default": "0",
    "Extra": ""
  },
  {
    "Field": "verification_token",
    "Type": "varchar(255)",
    "Null": "YES",
    "Key": "",
    "Default": null,
    "Extra": ""
  },
  {
    "Field": "phone",
    "Type": "varchar(255)",
    "Null": "NO",
    "Key": "",
    "Default": null,
    "Extra": ""
  },
  {
    "Field": "relation",
    "Type": "varchar(255)",
    "Null": "NO",
    "Key": "",
    "Default": null,
    "Extra": ""
  },
  {
    "Field": "createdAt",
    "Type": "datetime",
    "Null": "NO",
    "Key": "",
    "Default": null,
    "Extra": ""
  },
  {
    "Field": "updatedAt",
    "Type": "datetime",
    "Null": "NO",
    "Key": "",
    "Default": null,
    "Extra": ""
  }
]
Table: users
[
  {
    "Field": "id",
    "Type": "int(11)",
    "Null": "NO",
    "Key": "PRI",
    "Default": null,
    "Extra": "auto_increment"
  },
  {
    "Field": "username",
    "Type": "varchar(255)",
    "Null": "NO",
    "Key": "UNI",
    "Default": null,
    "Extra": ""
  },
  {
    "Field": "email",
    "Type": "varchar(255)",
    "Null": "NO",
    "Key": "UNI",
    "Default": null,
    "Extra": ""
  },
  {
    "Field": "password",
    "Type": "varchar(255)",
    "Null": "NO",
    "Key": "",
    "Default": null,
    "Extra": ""
  },
  {
    "Field": "resetOTP",
    "Type": "varchar(255)",
    "Null": "YES",
    "Key": "",
    "Default": null,
    "Extra": ""
  },
  {
    "Field": "resetOTPExpiry",
    "Type": "datetime",
    "Null": "YES",
    "Key": "",
    "Default": null,
    "Extra": ""
  },
  {
    "Field": "resetTokenExpiry",
    "Type": "datetime",
    "Null": "YES",
    "Key": "",
    "Default": null,
    "Extra": ""
  },
  {
    "Field": "createdAt",
    "Type": "datetime",
    "Null": "NO",
    "Key": "",
    "Default": null,
    "Extra": ""
  },
  {
    "Field": "updatedAt",
    "Type": "datetime",
    "Null": "NO",
    "Key": "",
    "Default": null,
    "Extra": ""
  },
  {
    "Field": "emergency_alert_enabled",
    "Type": "tinyint(1)",
    "Null": "NO",
    "Key": "",
    "Default": "0",
    "Extra": ""
  }
]

--- SYNC END ---
